chapter-7/realm-db/android/app/build/outputs/logs/manifest-merger-dev19-debug-report.txt
-- Merging decision tree log ---
manifest
ADDED from src/main/AndroidManifest.xml:2:1-263:12
	package
		ADDED from src/main/AndroidManifest.xml:3:3-30
		INJECTED from src/main/AndroidManifest.xml
		INJECTED from src/main/AndroidManifest.xml
	android:versionName
		INJECTED from src/main/AndroidManifest.xml
		INJECTED from src/main/AndroidManifest.xml
	xmlns:tools
		ADDED from src/main/AndroidManifest.xml:5:3-49
	xmlns:android
		ADDED from src/main/AndroidManifest.xml:4:3-61
	android:versionCode
		INJECTED from src/main/AndroidManifest.xml
		INJECTED from src/main/AndroidManifest.xml
permission#com.warlyware.realmDb.permission.C2D_MESSAGE
ADDED from src/main/AndroidManifest.xml:7:3-9:42
MERGED from [com.google.firebase:firebase-iid:9.8.0] AndroidManifest.xml:24:5-109
	android:protectionLevel
		ADDED from src/main/AndroidManifest.xml:9:5-40
	android:name
		ADDED from src/main/AndroidManifest.xml:8:5-64
uses-permission#com.warlyware.realmDb.permission.C2D_MESSAGE
ADDED from src/main/AndroidManifest.xml:12:3-82
MERGED from [com.google.firebase:firebase-iid:9.8.0] AndroidManifest.xml:26:5-78
	android:name
		ADDED from src/main/AndroidManifest.xml:12:20-79
uses-permission#com.google.android.c2dm.permission.RECEIVE
ADDED from src/main/AndroidManifest.xml:13:3-80
MERGED from [com.google.android.gms:play-services-gcm:9.8.0] AndroidManifest.xml:20:5-81
MERGED from [com.google.android.gms:play-services-iid:9.8.0] AndroidManifest.xml:20:5-81
MERGED from [com.google.firebase:firebase-iid:9.8.0] AndroidManifest.xml:22:5-81
	android:name
		ADDED from src/main/AndroidManifest.xml:13:20-77
uses-permission#android.permission.ACCESS_NETWORK_STATE
ADDED from src/main/AndroidManifest.xml:14:3-77
MERGED from [host.exp.exponent:expoview:26.0.0] AndroidManifest.xml:25:5-79
MERGED from [com.facebook.android:audience-network-sdk:4.26.1] AndroidManifest.xml:12:5-79
MERGED from [com.google.android.gms:play-services-analytics:9.8.0] AndroidManifest.xml:21:5-78
MERGED from [com.google.android.gms:play-services-analytics-impl:9.8.0] AndroidManifest.xml:21:5-78
MERGED from [com.google.android.gms:play-services-ads-lite:9.8.0] AndroidManifest.xml:20:5-78
MERGED from [com.google.android.gms:play-services-maps:9.8.0] AndroidManifest.xml:19:5-78
MERGED from [io.nlopez.smartlocation:library:3.2.11] AndroidManifest.xml:13:5-79
MERGED from [com.google.firebase:firebase-analytics:9.8.0] AndroidManifest.xml:21:5-78
MERGED from [com.google.firebase:firebase-analytics-impl:9.8.0] AndroidManifest.xml:21:5-78
MERGED from [com.google.firebase:firebase-iid:9.8.0] AndroidManifest.xml:19:5-78
	android:name
		ADDED from src/main/AndroidManifest.xml:14:20-74
uses-permission#android.permission.INTERNET
ADDED from src/main/AndroidManifest.xml:15:3-65
MERGED from [host.exp.exponent:expoview:26.0.0] AndroidManifest.xml:19:5-67
MERGED from [com.crashlytics.sdk.android:crashlytics:2.5.5] AndroidManifest.xml:9:5-67
MERGED from [com.crashlytics.sdk.android:crashlytics-core:2.3.8] AndroidManifest.xml:9:5-67
MERGED from [com.crashlytics.sdk.android:answers:1.3.6] AndroidManifest.xml:9:5-67
MERGED from [io.fabric.sdk.android:fabric:1.3.10] AndroidManifest.xml:25:5-67
MERGED from [com.crashlytics.sdk.android:beta:1.1.4] AndroidManifest.xml:9:5-67
MERGED from [com.facebook.android:audience-network-sdk:4.26.1] AndroidManifest.xml:11:5-67
MERGED from [com.google.android.gms:play-services-gcm:9.8.0] AndroidManifest.xml:21:5-66
MERGED from [com.google.android.gms:play-services-iid:9.8.0] AndroidManifest.xml:21:5-66
MERGED from [com.google.android.gms:play-services-analytics:9.8.0] AndroidManifest.xml:20:5-66
MERGED from [com.google.android.gms:play-services-analytics-impl:9.8.0] AndroidManifest.xml:20:5-66
MERGED from [com.google.android.gms:play-services-ads-lite:9.8.0] AndroidManifest.xml:19:5-66
MERGED from [com.google.android.gms:play-services-maps:9.8.0] AndroidManifest.xml:20:5-66
MERGED from [net.openid:appauth:0.4.1] AndroidManifest.xml:24:5-67
MERGED from [com.google.firebase:firebase-analytics:9.8.0] AndroidManifest.xml:20:5-66
MERGED from [com.google.firebase:firebase-analytics-impl:9.8.0] AndroidManifest.xml:20:5-66
MERGED from [com.google.firebase:firebase-iid:9.8.0] AndroidManifest.xml:20:5-66
	android:name
		ADDED from src/main/AndroidManifest.xml:15:20-62
uses-permission#android.permission.SYSTEM_ALERT_WINDOW
ADDED from src/main/AndroidManifest.xml:16:3-76
MERGED from [host.exp.exponent:expoview:26.0.0] AndroidManifest.xml:21:5-78
MERGED from [com.facebook.react:react-native:26.0.0] AndroidManifest.xml:11:5-78
MERGED from [host.exp:reactandroid-abi26_0_0:1.0.0] AndroidManifest.xml:11:5-78
MERGED from [host.exp:reactandroid-abi25_0_0:1.0.0] AndroidManifest.xml:11:5-78
MERGED from [host.exp:reactandroid-abi24_0_0:1.0.0] AndroidManifest.xml:11:5-78
MERGED from [host.exp:reactandroid-abi23:1.0.0] AndroidManifest.xml:11:5-78
MERGED from [host.exp:reactandroid-abi22:1.0.0] AndroidManifest.xml:11:5-78
MERGED from [host.exp:reactandroid-abi21:1.0.0] AndroidManifest.xml:11:5-78
MERGED from [host.exp:reactandroid-abi20:1.0.0] AndroidManifest.xml:11:5-78
	android:name
		ADDED from src/main/AndroidManifest.xml:16:20-73
uses-permission#android.permission.WAKE_LOCK
ADDED from src/main/AndroidManifest.xml:17:3-66
MERGED from [host.exp.exponent:expoview:26.0.0] AndroidManifest.xml:22:5-68
MERGED from [com.google.android.gms:play-services-analytics:9.8.0] AndroidManifest.xml:24:5-67
MERGED from [com.google.android.gms:play-services-analytics-impl:9.8.0] AndroidManifest.xml:24:5-67
MERGED from [com.google.firebase:firebase-analytics:9.8.0] AndroidManifest.xml:22:5-67
MERGED from [com.google.firebase:firebase-analytics-impl:9.8.0] AndroidManifest.xml:22:5-67
MERGED from [com.google.firebase:firebase-iid:9.8.0] AndroidManifest.xml:21:5-67
	android:name
		ADDED from src/main/AndroidManifest.xml:17:20-63
uses-permission#android.permission.MANAGE_DOCUMENTS
ADDED from src/main/AndroidManifest.xml:21:3-73
MERGED from [host.exp.exponent:expoview:26.0.0] AndroidManifest.xml:26:5-75
	android:name
		ADDED from src/main/AndroidManifest.xml:21:20-70
uses-permission#android.permission.READ_INTERNAL_STORAGE
ADDED from src/main/AndroidManifest.xml:22:3-78
MERGED from [host.exp.exponent:expoview:26.0.0] AndroidManifest.xml:24:5-80
	android:name
		ADDED from src/main/AndroidManifest.xml:22:20-75
uses-permission#android.permission.READ_PHONE_STATE
ADDED from src/main/AndroidManifest.xml:23:3-73
	android:name
		ADDED from src/main/AndroidManifest.xml:23:20-70
uses-permission#android.permission.USE_FINGERPRINT
ADDED from src/main/AndroidManifest.xml:24:3-72
MERGED from [host.exp.exponent:expoview:26.0.0] AndroidManifest.xml:27:5-74
	android:name
		ADDED from src/main/AndroidManifest.xml:24:20-69
uses-permission#android.permission.VIBRATE
ADDED from src/main/AndroidManifest.xml:25:3-64
	android:name
		ADDED from src/main/AndroidManifest.xml:25:20-61
uses-permission#com.android.launcher.permission.INSTALL_SHORTCUT
ADDED from src/main/AndroidManifest.xml:26:3-86
MERGED from [host.exp.exponent:expoview:26.0.0] AndroidManifest.xml:20:5-88
	android:name
		ADDED from src/main/AndroidManifest.xml:26:20-83
uses-permission#android.permission.ACCESS_COARSE_LOCATION
ADDED from src/main/AndroidManifest.xml:29:3-79
MERGED from [host.exp.exponent:expoview:26.0.0] AndroidManifest.xml:37:5-81
MERGED from [io.nlopez.smartlocation:library:3.2.11] AndroidManifest.xml:12:5-81
	android:name
		ADDED from src/main/AndroidManifest.xml:29:20-76
uses-permission#android.permission.ACCESS_FINE_LOCATION
ADDED from src/main/AndroidManifest.xml:30:3-77
MERGED from [host.exp.exponent:expoview:26.0.0] AndroidManifest.xml:38:5-79
MERGED from [io.nlopez.smartlocation:library:3.2.11] AndroidManifest.xml:14:5-79
	android:name
		ADDED from src/main/AndroidManifest.xml:30:20-74
uses-permission#android.permission.CAMERA
ADDED from src/main/AndroidManifest.xml:31:3-63
MERGED from [host.exp.exponent:expoview:26.0.0] AndroidManifest.xml:36:5-65
MERGED from [com.google.android:cameraview:1.0.0] AndroidManifest.xml:23:5-65
	android:name
		ADDED from src/main/AndroidManifest.xml:31:20-60
uses-permission#android.permission.READ_CONTACTS
ADDED from src/main/AndroidManifest.xml:32:3-70
MERGED from [host.exp.exponent:expoview:26.0.0] AndroidManifest.xml:31:5-72
	android:name
		ADDED from src/main/AndroidManifest.xml:32:20-67
uses-permission#android.permission.READ_CALENDAR
ADDED from src/main/AndroidManifest.xml:33:3-70
MERGED from [host.exp.exponent:expoview:26.0.0] AndroidManifest.xml:32:5-72
	android:name
		ADDED from src/main/AndroidManifest.xml:33:20-67
uses-permission#android.permission.WRITE_CALENDAR
ADDED from src/main/AndroidManifest.xml:34:3-71
MERGED from [host.exp.exponent:expoview:26.0.0] AndroidManifest.xml:33:5-73
	android:name
		ADDED from src/main/AndroidManifest.xml:34:20-68
uses-permission#android.permission.READ_EXTERNAL_STORAGE
ADDED from src/main/AndroidManifest.xml:35:3-78
MERGED from [host.exp.exponent:expoview:26.0.0] AndroidManifest.xml:34:5-80
	android:name
		ADDED from src/main/AndroidManifest.xml:35:20-75
uses-permission#android.permission.RECORD_AUDIO
ADDED from src/main/AndroidManifest.xml:36:3-69
	android:name
		ADDED from src/main/AndroidManifest.xml:36:20-66
uses-permission#android.permission.WRITE_EXTERNAL_STORAGE
ADDED from src/main/AndroidManifest.xml:37:3-79
MERGED from [host.exp.exponent:expoview:26.0.0] AndroidManifest.xml:35:5-81
	android:name
		ADDED from src/main/AndroidManifest.xml:37:20-76
uses-permission#android.permission.WRITE_SETTINGS
ADDED from src/main/AndroidManifest.xml:38:3-71
	android:name
		ADDED from src/main/AndroidManifest.xml:38:20-68
uses-feature#0x00020000
ADDED from src/main/AndroidManifest.xml:43:3-77
MERGED from [com.google.android.gms:play-services-maps:9.8.0] AndroidManifest.xml:21:5-77
	android:glEsVersion
		ADDED from src/main/AndroidManifest.xml:43:17-49
	android:required
		ADDED from src/main/AndroidManifest.xml:43:50-74
application
ADDED from src/main/AndroidManifest.xml:45:3-261:17
MERGED from [android:realm:unspecified] AndroidManifest.xml:9:5-20
MERGED from [host.exp.exponent:expoview:26.0.0] AndroidManifest.xml:68:5-84:19
MERGED from [com.facebook.react:react-native:26.0.0] AndroidManifest.xml:13:5-20
MERGED from [host.exp:reactandroid-abi26_0_0:1.0.0] AndroidManifest.xml:13:5-20
MERGED from [host.exp:reactandroid-abi25_0_0:1.0.0] AndroidManifest.xml:13:5-20
MERGED from [host.exp:reactandroid-abi24_0_0:1.0.0] AndroidManifest.xml:13:5-20
MERGED from [host.exp:reactandroid-abi23:1.0.0] AndroidManifest.xml:13:5-20
MERGED from [host.exp:reactandroid-abi22:1.0.0] AndroidManifest.xml:13:5-20
MERGED from [host.exp:reactandroid-abi21:1.0.0] AndroidManifest.xml:13:5-20
MERGED from [host.exp:reactandroid-abi20:1.0.0] AndroidManifest.xml:13:5-20
MERGED from [com.facebook.soloader:soloader:0.1.0] AndroidManifest.xml:3:3-17
MERGED from [org.webkit:android-jsc:r174650] AndroidManifest.xml:2:3-17
MERGED from [com.crashlytics.sdk.android:crashlytics:2.5.5] AndroidManifest.xml:11:5-20
MERGED from [com.crashlytics.sdk.android:crashlytics-core:2.3.8] AndroidManifest.xml:11:5-20
MERGED from [com.crashlytics.sdk.android:answers:1.3.6] AndroidManifest.xml:11:5-20
MERGED from [io.fabric.sdk.android:fabric:1.3.10] AndroidManifest.xml:27:5-20
MERGED from [com.crashlytics.sdk.android:beta:1.1.4] AndroidManifest.xml:11:5-20
MERGED from [com.facebook.android:facebook-android-sdk:4.28.0] AndroidManifest.xml:28:5-29:19
MERGED from [com.facebook.android:facebook-login:4.28.0] AndroidManifest.xml:28:5-29:19
MERGED from [com.facebook.android:facebook-share:4.28.0] AndroidManifest.xml:28:5-29:19
MERGED from [com.facebook.android:facebook-common:4.28.0] AndroidManifest.xml:28:5-34:19
MERGED from [com.android.support:cardview-v7:26.0.1] AndroidManifest.xml:22:5-26:19
MERGED from [com.facebook.android:facebook-places:4.28.0] AndroidManifest.xml:28:5-29:19
MERGED from [com.facebook.android:facebook-applinks:4.28.0] AndroidManifest.xml:28:5-29:19
MERGED from [com.facebook.android:facebook-messenger:4.28.0] AndroidManifest.xml:28:5-29:19
MERGED from [com.facebook.android:facebook-core:4.28.0] AndroidManifest.xml:28:5-43:19
MERGED from [com.facebook.android:audience-network-sdk:4.26.1] AndroidManifest.xml:14:5-18:19
MERGED from [com.android.support:recyclerview-v7:26.0.1] AndroidManifest.xml:22:5-26:19
MERGED from [com.google.android.gms:play-services-gcm:9.8.0] AndroidManifest.xml:23:5-19
MERGED from [com.google.android.gms:play-services-iid:9.8.0] AndroidManifest.xml:23:5-19
MERGED from [com.google.android.gms:play-services-analytics:9.8.0] AndroidManifest.xml:26:5-19
MERGED from [com.google.android.gms:play-services-analytics-impl:9.8.0] AndroidManifest.xml:26:5-19
MERGED from [com.google.android.gms:play-services-auth:9.8.0] AndroidManifest.xml:19:5-25:19
MERGED from [com.google.android.gms:play-services-ads-lite:9.8.0] AndroidManifest.xml:23:5-27:19
MERGED from [com.google.android.gms:play-services-clearcut:9.8.0] AndroidManifest.xml:18:5-19
MERGED from [com.google.android.gms:play-services-gass:9.8.0] AndroidManifest.xml:4:5-19
MERGED from [com.google.android.gms:play-services-fitness:9.8.0] AndroidManifest.xml:18:5-19
MERGED from [com.google.android.gms:play-services-location:9.8.0] AndroidManifest.xml:4:5-19
MERGED from [com.google.android.gms:play-services-vision:9.8.0] AndroidManifest.xml:4:5-19
MERGED from [com.google.android.gms:play-services-identity:9.8.0] AndroidManifest.xml:18:5-19
MERGED from [com.google.android.gms:play-services-maps:9.8.0] AndroidManifest.xml:24:5-19
MERGED from [com.google.android.gms:play-services-base:9.8.0] AndroidManifest.xml:18:5-20:19
MERGED from [com.raizlabs.android:DBFlow:2.2.1] AndroidManifest.xml:11:5-20
MERGED from [net.openid:appauth:0.4.1] AndroidManifest.xml:26:5-44:19
MERGED from [com.android.support:customtabs:26.0.1] AndroidManifest.xml:22:5-26:19
MERGED from [com.airbnb.android:lottie:2.2.0] AndroidManifest.xml:10:5-20
MERGED from [com.crashlytics.sdk.android:answers-shim:0.0.6] AndroidManifest.xml:11:5-20
MERGED from [io.nlopez.smartlocation:library:3.2.11] AndroidManifest.xml:18:5-28:19
MERGED from [com.android.support:exifinterface:26.0.1] AndroidManifest.xml:22:5-26:19
MERGED from [com.google.android:cameraview:1.0.0] AndroidManifest.xml:32:5-20
MERGED from [com.android.support:appcompat-v7:26.0.1] AndroidManifest.xml:25:5-29:19
MERGED from [com.android.support:animated-vector-drawable:26.0.1] AndroidManifest.xml:22:5-26:19
MERGED from [com.android.support:support-vector-drawable:26.0.1] AndroidManifest.xml:22:5-26:19
MERGED from [com.google.firebase:firebase-core:9.8.0] AndroidManifest.xml:5:5-20
MERGED from [com.google.firebase:firebase-analytics:9.8.0] AndroidManifest.xml:24:5-33:19
MERGED from [com.google.firebase:firebase-analytics-impl:9.8.0] AndroidManifest.xml:24:5-28:19
MERGED from [com.google.firebase:firebase-iid:9.8.0] AndroidManifest.xml:28:5-50:19
MERGED from [com.google.firebase:firebase-common:9.8.0] AndroidManifest.xml:4:5-7:19
MERGED from [com.google.android.gms:play-services-tasks:9.8.0] AndroidManifest.xml:4:5-19
MERGED from [com.google.android.gms:play-services-basement:9.8.0] AndroidManifest.xml:19:5-21:19
MERGED from [com.android.support:support-v4:26.0.1] AndroidManifest.xml:25:5-29:19
MERGED from [com.android.support:support-media-compat:26.0.1] AndroidManifest.xml:25:5-29:19
MERGED from [com.android.support:support-fragment:26.0.1] AndroidManifest.xml:25:5-29:19
MERGED from [com.android.support:support-core-ui:26.0.1] AndroidManifest.xml:25:5-29:19
MERGED from [com.android.support:support-core-utils:26.0.1] AndroidManifest.xml:25:5-29:19
MERGED from [com.android.support:support-compat:26.0.1] AndroidManifest.xml:25:5-29:19
	android:label
		ADDED from src/main/AndroidManifest.xml:49:5-37
	android:supportsRtl
		ADDED from [com.facebook.android:facebook-android-sdk:4.28.0] AndroidManifest.xml:28:18-44
	android:allowBackup
		ADDED from src/main/AndroidManifest.xml:47:5-31
	android:icon
		ADDED from src/main/AndroidManifest.xml:48:5-39
	android:largeHeap
		ADDED from src/main/AndroidManifest.xml:50:5-29
	android:name
		ADDED from src/main/AndroidManifest.xml:46:5-36
activity#host.exp.exponent.LauncherActivity
ADDED from src/main/AndroidManifest.xml:52:5-66:16
	android:screenOrientation
		ADDED from src/main/AndroidManifest.xml:56:7-43
	android:launchMode
		ADDED from src/main/AndroidManifest.xml:55:7-38
	android:exported
		ADDED from src/main/AndroidManifest.xml:54:7-30
	android:theme
		ADDED from src/main/AndroidManifest.xml:57:7-66
	android:name
		ADDED from src/main/AndroidManifest.xml:53:7-39
intent-filter#android.intent.action.VIEW+android.intent.category.BROWSABLE+android.intent.category.DEFAULT
ADDED from src/main/AndroidManifest.xml:58:7-65:23
data
ADDED from src/main/AndroidManifest.xml:59:9-69
	android:scheme
		ADDED from src/main/AndroidManifest.xml:59:15-67
action#android.intent.action.VIEW
ADDED from src/main/AndroidManifest.xml:61:9-60
	android:name
		ADDED from src/main/AndroidManifest.xml:61:17-58
category#android.intent.category.DEFAULT
ADDED from src/main/AndroidManifest.xml:63:9-67
	android:name
		ADDED from src/main/AndroidManifest.xml:63:19-65
category#android.intent.category.BROWSABLE
ADDED from src/main/AndroidManifest.xml:64:9-69
	android:name
		ADDED from src/main/AndroidManifest.xml:64:19-67
activity#host.exp.exponent.experience.ExperienceActivity
ADDED from src/main/AndroidManifest.xml:68:5-73:16
	android:windowSoftInputMode
		ADDED from src/main/AndroidManifest.xml:72:7-49
	android:configChanges
		ADDED from src/main/AndroidManifest.xml:70:7-77
	android:theme
		ADDED from src/main/AndroidManifest.xml:71:7-50
	android:name
		ADDED from src/main/AndroidManifest.xml:69:7-52
activity#host.exp.exponent.MainActivity
ADDED from src/main/AndroidManifest.xml:75:5-85:16
	android:windowSoftInputMode
		ADDED from src/main/AndroidManifest.xml:79:7-49
	android:configChanges
		ADDED from src/main/AndroidManifest.xml:77:7-77
	android:theme
		ADDED from src/main/AndroidManifest.xml:78:7-51
	android:name
		ADDED from src/main/AndroidManifest.xml:76:7-35
intent-filter#android.intent.action.MAIN+android.intent.category.LAUNCHER
ADDED from src/main/AndroidManifest.xml:80:7-84:23
action#android.intent.action.MAIN
ADDED from src/main/AndroidManifest.xml:81:9-60
	android:name
		ADDED from src/main/AndroidManifest.xml:81:17-58
category#android.intent.category.LAUNCHER
ADDED from src/main/AndroidManifest.xml:83:9-68
	android:name
		ADDED from src/main/AndroidManifest.xml:83:19-66
activity#host.exp.exponent.experience.ShellAppActivity
ADDED from src/main/AndroidManifest.xml:87:5-93:16
	android:windowSoftInputMode
		ADDED from src/main/AndroidManifest.xml:91:7-49
	android:configChanges
		ADDED from src/main/AndroidManifest.xml:89:7-77
	android:theme
		ADDED from src/main/AndroidManifest.xml:90:7-51
	android:name
		ADDED from src/main/AndroidManifest.xml:88:7-50
activity#host.exp.exponent.experience.HomeActivity
ADDED from src/main/AndroidManifest.xml:95:5-101:16
	android:screenOrientation
		ADDED from src/main/AndroidManifest.xml:99:7-43
	android:label
		ADDED from src/main/AndroidManifest.xml:97:7-39
	android:launchMode
		ADDED from src/main/AndroidManifest.xml:98:7-38
	android:theme
		ADDED from src/main/AndroidManifest.xml:100:7-50
	android:name
		ADDED from src/main/AndroidManifest.xml:96:7-46
activity#com.facebook.react.devsupport.DevSettingsActivity
ADDED from src/main/AndroidManifest.xml:103:5-81
	android:name
		ADDED from src/main/AndroidManifest.xml:103:15-79
activity#abi26_0_0.com.facebook.react.devsupport.DevSettingsActivity
ADDED from src/main/AndroidManifest.xml:105:5-91
	android:name
		ADDED from src/main/AndroidManifest.xml:105:15-89
activity#abi25_0_0.com.facebook.react.devsupport.DevSettingsActivity
ADDED from src/main/AndroidManifest.xml:106:5-91
	android:name
		ADDED from src/main/AndroidManifest.xml:106:15-89
activity#abi24_0_0.com.facebook.react.devsupport.DevSettingsActivity
ADDED from src/main/AndroidManifest.xml:107:5-91
	android:name
		ADDED from src/main/AndroidManifest.xml:107:15-89
activity#abi23_0_0.com.facebook.react.devsupport.DevSettingsActivity
ADDED from src/main/AndroidManifest.xml:108:5-91
	android:name
		ADDED from src/main/AndroidManifest.xml:108:15-89
activity#abi22_0_0.com.facebook.react.devsupport.DevSettingsActivity
ADDED from src/main/AndroidManifest.xml:109:5-91
	android:name
		ADDED from src/main/AndroidManifest.xml:109:15-89
activity#abi21_0_0.com.facebook.react.devsupport.DevSettingsActivity
ADDED from src/main/AndroidManifest.xml:110:5-91
	android:name
		ADDED from src/main/AndroidManifest.xml:110:15-89
activity#abi20_0_0.com.facebook.react.devsupport.DevSettingsActivity
ADDED from src/main/AndroidManifest.xml:111:5-91
	android:name
		ADDED from src/main/AndroidManifest.xml:111:15-89
activity#host.exp.exponent.ExponentDevActivity
ADDED from src/main/AndroidManifest.xml:113:5-120:16
	android:screenOrientation
		ADDED from src/main/AndroidManifest.xml:117:7-43
	android:label
		ADDED from src/main/AndroidManifest.xml:116:7-48
	android:exported
		ADDED from src/main/AndroidManifest.xml:115:7-30
	android:windowSoftInputMode
		ADDED from src/main/AndroidManifest.xml:119:7-46
	android:theme
		ADDED from src/main/AndroidManifest.xml:118:7-49
	android:name
		ADDED from src/main/AndroidManifest.xml:114:7-42
activity#host.exp.exponent.oauth.OAuthWebViewActivity
ADDED from src/main/AndroidManifest.xml:122:5-126:16
	android:screenOrientation
		ADDED from src/main/AndroidManifest.xml:124:7-43
	android:theme
		ADDED from src/main/AndroidManifest.xml:125:7-50
	android:name
		ADDED from src/main/AndroidManifest.xml:123:7-49
activity#net.openid.appauth.RedirectUriReceiverActivity
ADDED from src/main/AndroidManifest.xml:128:5-137:16
REJECTED from [net.openid:appauth:0.4.1] AndroidManifest.xml:32:9-43:20
	tools:node
		ADDED from src/main/AndroidManifest.xml:130:9-29
	android:name
		ADDED from src/main/AndroidManifest.xml:129:9-70
activity#host.exp.exponent.oauth.OAuthResultActivity
ADDED from src/main/AndroidManifest.xml:139:5-141:16
	android:name
		ADDED from src/main/AndroidManifest.xml:140:7-48
activity#host.exp.exponent.chrometabs.ChromeTabsManagerActivity
ADDED from src/main/AndroidManifest.xml:143:5-145:16
	android:name
		ADDED from src/main/AndroidManifest.xml:144:7-59
activity#host.exp.exponent.experience.ErrorActivity
ADDED from src/main/AndroidManifest.xml:147:5-151:16
	android:screenOrientation
		ADDED from src/main/AndroidManifest.xml:150:7-43
	android:theme
		ADDED from src/main/AndroidManifest.xml:149:7-49
	android:name
		ADDED from src/main/AndroidManifest.xml:148:7-47
activity#host.exp.exponent.experience.InfoActivity
ADDED from src/main/AndroidManifest.xml:153:5-157:16
	android:screenOrientation
		ADDED from src/main/AndroidManifest.xml:155:7-43
	android:theme
		ADDED from src/main/AndroidManifest.xml:156:7-50
	android:name
		ADDED from src/main/AndroidManifest.xml:154:7-46
activity#com.facebook.FacebookActivity
ADDED from src/main/AndroidManifest.xml:159:5-164:39
MERGED from [com.facebook.android:facebook-common:4.28.0] AndroidManifest.xml:29:9-32:66
	android:label
		ADDED from src/main/AndroidManifest.xml:162:7-39
	android:configChanges
		ADDED from src/main/AndroidManifest.xml:161:7-90
	android:theme
		ADDED from src/main/AndroidManifest.xml:163:7-66
		REJECTED from [com.facebook.android:facebook-common:4.28.0] AndroidManifest.xml:32:13-63
	tools:replace
		ADDED from src/main/AndroidManifest.xml:164:7-36
	android:name
		ADDED from src/main/AndroidManifest.xml:160:7-51
activity#com.facebook.ads.InterstitialAdActivity
ADDED from src/main/AndroidManifest.xml:166:5-170:69
	android:label
		ADDED from src/main/AndroidManifest.xml:169:7-39
	android:configChanges
		ADDED from src/main/AndroidManifest.xml:168:7-90
	android:theme
		ADDED from src/main/AndroidManifest.xml:170:7-66
	android:name
		ADDED from src/main/AndroidManifest.xml:167:7-61
service#host.exp.exponent.ExponentIntentService
ADDED from src/main/AndroidManifest.xml:172:5-174:34
	android:exported
		ADDED from src/main/AndroidManifest.xml:174:7-31
	android:name
		ADDED from src/main/AndroidManifest.xml:173:7-44
receiver#host.exp.exponent.referrer.InstallReferrerReceiver
ADDED from src/main/AndroidManifest.xml:177:5-183:16
	android:exported
		ADDED from src/main/AndroidManifest.xml:179:7-30
	android:name
		ADDED from src/main/AndroidManifest.xml:178:7-72
intent-filter#com.android.vending.INSTALL_REFERRER
ADDED from src/main/AndroidManifest.xml:180:7-182:23
action#com.android.vending.INSTALL_REFERRER
ADDED from src/main/AndroidManifest.xml:181:9-71
	android:name
		ADDED from src/main/AndroidManifest.xml:181:17-68
receiver#com.google.android.gms.analytics.AnalyticsReceiver
ADDED from src/main/AndroidManifest.xml:193:5-198:16
	android:enabled
		ADDED from src/main/AndroidManifest.xml:194:15-37
	android:name
		ADDED from src/main/AndroidManifest.xml:193:15-80
intent-filter#com.google.android.gms.analytics.ANALYTICS_DISPATCH
ADDED from src/main/AndroidManifest.xml:195:7-197:23
action#com.google.android.gms.analytics.ANALYTICS_DISPATCH
ADDED from src/main/AndroidManifest.xml:196:9-86
	android:name
		ADDED from src/main/AndroidManifest.xml:196:17-83
service#com.google.android.gms.analytics.AnalyticsService
ADDED from src/main/AndroidManifest.xml:200:5-202:40
	android:enabled
		ADDED from src/main/AndroidManifest.xml:201:14-36
	android:exported
		ADDED from src/main/AndroidManifest.xml:202:14-38
	android:name
		ADDED from src/main/AndroidManifest.xml:200:14-78
receiver#com.google.android.gms.gcm.GcmReceiver
ADDED from src/main/AndroidManifest.xml:205:5-215:16
	android:exported
		ADDED from src/main/AndroidManifest.xml:207:7-30
	android:permission
		ADDED from src/main/AndroidManifest.xml:208:7-67
	android:name
		ADDED from src/main/AndroidManifest.xml:206:7-60
intent-filter#com.google.android.c2dm.intent.RECEIVE+com.google.android.c2dm.intent.REGISTRATION+com.warlyware.realmDb
ADDED from src/main/AndroidManifest.xml:209:7-214:23
action#com.google.android.c2dm.intent.RECEIVE
ADDED from src/main/AndroidManifest.xml:210:9-72
	android:name
		ADDED from src/main/AndroidManifest.xml:210:17-70
action#com.google.android.c2dm.intent.REGISTRATION
ADDED from src/main/AndroidManifest.xml:211:9-77
	android:name
		ADDED from src/main/AndroidManifest.xml:211:17-75
category#com.warlyware.realmDb
ADDED from src/main/AndroidManifest.xml:213:9-57
	android:name
		ADDED from src/main/AndroidManifest.xml:213:19-55
service#host.exp.exponent.gcm.ExponentGcmListenerService
ADDED from src/main/AndroidManifest.xml:217:5-223:15
	android:exported
		ADDED from src/main/AndroidManifest.xml:219:7-31
	android:name
		ADDED from src/main/AndroidManifest.xml:218:7-53
intent-filter#com.google.android.c2dm.intent.RECEIVE
ADDED from src/main/AndroidManifest.xml:220:7-222:23
service#host.exp.exponent.gcm.ExponentInstanceIDListenerService
ADDED from src/main/AndroidManifest.xml:224:5-230:15
	android:exported
		ADDED from src/main/AndroidManifest.xml:226:7-31
	android:name
		ADDED from src/main/AndroidManifest.xml:225:7-60
intent-filter#com.google.android.gms.iid.InstanceID
ADDED from src/main/AndroidManifest.xml:227:7-229:23
action#com.google.android.gms.iid.InstanceID
ADDED from src/main/AndroidManifest.xml:228:9-71
	android:name
		ADDED from src/main/AndroidManifest.xml:228:17-69
service#host.exp.exponent.gcm.RegistrationIntentService
ADDED from src/main/AndroidManifest.xml:231:5-234:15
	android:exported
		ADDED from src/main/AndroidManifest.xml:233:7-31
	android:name
		ADDED from src/main/AndroidManifest.xml:232:7-52
activity#com.theartofdev.edmodo.cropper.CropImageActivity
ADDED from src/main/AndroidManifest.xml:237:5-240:16
	android:theme
		ADDED from src/main/AndroidManifest.xml:239:7-50
	android:name
		ADDED from src/main/AndroidManifest.xml:238:7-70
meta-data#io.fabric.ApiKey
ADDED from src/main/AndroidManifest.xml:245:5-247:65
	android:value
		ADDED from src/main/AndroidManifest.xml:247:7-63
	android:name
		ADDED from src/main/AndroidManifest.xml:246:7-38
meta-data#com.google.android.geo.API_KEY
ADDED from src/main/AndroidManifest.xml:252:5-254:64
	android:value
		ADDED from src/main/AndroidManifest.xml:254:7-62
	android:name
		ADDED from src/main/AndroidManifest.xml:253:7-52
meta-data#com.facebook.sdk.ApplicationId
ADDED from src/main/AndroidManifest.xml:260:5-83
	android:value
		ADDED from src/main/AndroidManifest.xml:260:62-81
	android:name
		ADDED from src/main/AndroidManifest.xml:260:16-61
uses-sdk
INJECTED from src/main/AndroidManifest.xml reason: use-sdk injection requested
MERGED from [android:realm:unspecified] AndroidManifest.xml:5:5-7:41
MERGED from [host.exp.exponent:expoview:26.0.0] AndroidManifest.xml:7:5-9:41
MERGED from [com.android.support:multidex:1.0.1] AndroidManifest.xml:18:5-42
MERGED from [com.facebook.react:react-native:26.0.0] AndroidManifest.xml:7:5-9:41
MERGED from [com.facebook.fresco:imagepipeline-okhttp3:1.0.1] AndroidManifest.xml:5:5-7:41
MERGED from [host.exp:reactandroid-abi26_0_0:1.0.0] AndroidManifest.xml:7:5-9:41
MERGED from [host.exp:reactandroid-abi25_0_0:1.0.0] AndroidManifest.xml:7:5-9:41
MERGED from [host.exp:reactandroid-abi24_0_0:1.0.0] AndroidManifest.xml:7:5-9:41
MERGED from [host.exp:reactandroid-abi23:1.0.0] AndroidManifest.xml:7:5-9:41
MERGED from [host.exp:reactandroid-abi22:1.0.0] AndroidManifest.xml:7:5-9:41
MERGED from [host.exp:reactandroid-abi21:1.0.0] AndroidManifest.xml:7:5-9:41
MERGED from [host.exp:reactandroid-abi20:1.0.0] AndroidManifest.xml:7:5-9:41
MERGED from [com.facebook.fbui.textlayoutbuilder:textlayoutbuilder:1.0.0] AndroidManifest.xml:14:5-16:41
MERGED from [com.facebook.fresco:fresco:1.0.1] AndroidManifest.xml:5:5-7:41
MERGED from [com.facebook.fresco:drawee:1.0.1] AndroidManifest.xml:5:5-7:41
MERGED from [com.facebook.fresco:animated-gif:1.0.1] AndroidManifest.xml:5:5-7:41
MERGED from [com.facebook.fresco:animated-webp:1.0.1] AndroidManifest.xml:5:5-7:41